<?xml version="1.0" encoding="UTF-8"?>
<testng-results skipped="0" failed="0" ignored="0" total="1" passed="1">
  <reporter-output>
  </reporter-output>
  <suite name="HuuugeCasino Suite" duration-ms="51212" started-at="2020-07-22T17:58:36Z" finished-at="2020-07-22T17:59:28Z">
    <groups>
    </groups>
    <test name="TestNGTest1" duration-ms="51212" started-at="2020-07-22T17:58:36Z" finished-at="2020-07-22T17:59:28Z">
      <class name="testCases.TestCase_001">
        <test-method status="PASS" signature="Capabilities()[pri:0, instance:testCases.TestCase_001@6536e911]" name="Capabilities" is-config="true" duration-ms="45325" started-at="2020-07-22T17:58:36Z" finished-at="2020-07-22T17:59:22Z">
          <reporter-output>
          </reporter-output>
        </test-method> <!-- Capabilities -->
        <test-method status="PASS" signature="playerProfile()[pri:0, instance:testCases.TestCase_001@6536e911]" name="playerProfile" duration-ms="5003" started-at="2020-07-22T17:59:22Z" finished-at="2020-07-22T17:59:27Z">
          <reporter-output>
          </reporter-output>
        </test-method> <!-- playerProfile -->
        <test-method status="PASS" signature="quitserver()[pri:0, instance:testCases.TestCase_001@6536e911]" name="quitserver" is-config="true" duration-ms="854" started-at="2020-07-22T17:59:27Z" finished-at="2020-07-22T17:59:28Z">
          <reporter-output>
          </reporter-output>
        </test-method> <!-- quitserver -->
      </class> <!-- testCases.TestCase_001 -->
    </test> <!-- TestNGTest1 -->
  </suite> <!-- HuuugeCasino Suite -->
</testng-results>
