<?xml version="1.0" encoding="UTF-8"?>
<testng-results skipped="0" failed="0" ignored="0" total="1" passed="1">
  <reporter-output>
  </reporter-output>
  <suite name="Default suite" duration-ms="71678" started-at="2020-07-22T19:48:33Z" finished-at="2020-07-22T19:49:44Z">
    <groups>
    </groups>
    <test name="Default test" duration-ms="71678" started-at="2020-07-22T19:48:33Z" finished-at="2020-07-22T19:49:44Z">
      <class name="testCases.TestCase_001">
        <test-method status="PASS" signature="Capabilities()[pri:0, instance:testCases.TestCase_001@18ce0030]" name="Capabilities" is-config="true" duration-ms="63806" started-at="2020-07-22T19:48:33Z" finished-at="2020-07-22T19:49:37Z">
          <reporter-output>
          </reporter-output>
        </test-method> <!-- Capabilities -->
        <test-method status="PASS" signature="playerProfile()[pri:0, instance:testCases.TestCase_001@18ce0030]" name="playerProfile" duration-ms="6015" started-at="2020-07-22T19:49:37Z" finished-at="2020-07-22T19:49:43Z">
          <reporter-output>
          </reporter-output>
        </test-method> <!-- playerProfile -->
        <test-method status="PASS" signature="quitserver()[pri:0, instance:testCases.TestCase_001@18ce0030]" name="quitserver" is-config="true" duration-ms="1777" started-at="2020-07-22T19:49:43Z" finished-at="2020-07-22T19:49:44Z">
          <reporter-output>
          </reporter-output>
        </test-method> <!-- quitserver -->
      </class> <!-- testCases.TestCase_001 -->
    </test> <!-- Default test -->
  </suite> <!-- Default suite -->
</testng-results>
